mode: atomic
team6-managing.mni.thm.de/Commz/auth-service/docs/docs.go:476.13,478.2 1 0
team6-managing.mni.thm.de/Commz/auth-service/main.go:5.13,7.2 1 0
team6-managing.mni.thm.de/Commz/auth-service/cmd/auth-service/commands/root.go:24.16,25.42 1 0
team6-managing.mni.thm.de/Commz/auth-service/cmd/auth-service/commands/root.go:25.42,28.3 2 0
team6-managing.mni.thm.de/Commz/auth-service/cmd/auth-service/commands/start.go:24.13,38.2 10 0
team6-managing.mni.thm.de/Commz/auth-service/cmd/auth-service/commands/start.go:43.47,46.12 2 0
team6-managing.mni.thm.de/Commz/auth-service/cmd/auth-service/commands/start.go:46.12,48.4 1 0
team6-managing.mni.thm.de/Commz/auth-service/cmd/auth-service/commands/start.go:48.9,50.4 1 0
team6-managing.mni.thm.de/Commz/auth-service/cmd/auth-service/commands/start.go:52.3,56.17 3 0
team6-managing.mni.thm.de/Commz/auth-service/cmd/auth-service/commands/start.go:56.17,59.4 2 0
team6-managing.mni.thm.de/Commz/auth-service/cmd/auth-service/commands/start.go:61.3,65.14 3 0
team6-managing.mni.thm.de/Commz/auth-service/cmd/auth-service/commands/start.go:65.14,67.4 1 0
team6-managing.mni.thm.de/Commz/auth-service/cmd/auth-service/commands/start.go:69.3,72.69 3 0
team6-managing.mni.thm.de/Commz/auth-service/cmd/auth-service/commands/start.go:72.69,74.4 1 0
team6-managing.mni.thm.de/Commz/auth-service/cmd/auth-service/commands/start.go:78.65,79.63 1 0
team6-managing.mni.thm.de/Commz/auth-service/cmd/auth-service/commands/start.go:79.63,80.27 1 0
team6-managing.mni.thm.de/Commz/auth-service/cmd/auth-service/commands/start.go:80.27,82.4 1 0
team6-managing.mni.thm.de/Commz/auth-service/cmd/auth-service/commands/start.go:83.3,83.27 1 0
team6-managing.mni.thm.de/Commz/auth-service/cmd/auth-service/commands/start.go:83.27,85.4 1 0
team6-managing.mni.thm.de/Commz/auth-service/cmd/auth-service/commands/start.go:86.3,86.12 1 0
team6-managing.mni.thm.de/Commz/auth-service/cmd/auth-service/commands/start.go:88.2,88.12 1 0
team6-managing.mni.thm.de/Commz/auth-service/internal/http/handlers/auth_handler.go:18.58,32.2 8 0
team6-managing.mni.thm.de/Commz/auth-service/internal/http/handlers/auth_handler.go:45.78,47.16 2 0
team6-managing.mni.thm.de/Commz/auth-service/internal/http/handlers/auth_handler.go:47.16,50.3 2 0
team6-managing.mni.thm.de/Commz/auth-service/internal/http/handlers/auth_handler.go:53.2,55.16 3 0
team6-managing.mni.thm.de/Commz/auth-service/internal/http/handlers/auth_handler.go:55.16,58.3 2 0
team6-managing.mni.thm.de/Commz/auth-service/internal/http/handlers/auth_handler.go:60.2,61.23 2 0
team6-managing.mni.thm.de/Commz/auth-service/internal/http/handlers/auth_handler.go:61.23,65.3 3 0
team6-managing.mni.thm.de/Commz/auth-service/internal/http/handlers/auth_handler.go:67.2,70.16 3 0
team6-managing.mni.thm.de/Commz/auth-service/internal/http/handlers/auth_handler.go:70.16,73.3 2 0
team6-managing.mni.thm.de/Commz/auth-service/internal/http/handlers/auth_handler.go:76.2,80.28 3 0
team6-managing.mni.thm.de/Commz/auth-service/internal/http/handlers/auth_handler.go:80.28,82.3 1 0
team6-managing.mni.thm.de/Commz/auth-service/internal/http/handlers/auth_handler.go:84.2,93.41 2 0
team6-managing.mni.thm.de/Commz/auth-service/internal/http/handlers/auth_handler.go:107.74,109.16 2 0
team6-managing.mni.thm.de/Commz/auth-service/internal/http/handlers/auth_handler.go:109.16,112.3 2 0
team6-managing.mni.thm.de/Commz/auth-service/internal/http/handlers/auth_handler.go:115.2,117.16 3 0
team6-managing.mni.thm.de/Commz/auth-service/internal/http/handlers/auth_handler.go:117.16,120.3 2 0
team6-managing.mni.thm.de/Commz/auth-service/internal/http/handlers/auth_handler.go:122.2,123.23 2 0
team6-managing.mni.thm.de/Commz/auth-service/internal/http/handlers/auth_handler.go:123.23,127.3 3 0
team6-managing.mni.thm.de/Commz/auth-service/internal/http/handlers/auth_handler.go:129.2,132.16 3 0
team6-managing.mni.thm.de/Commz/auth-service/internal/http/handlers/auth_handler.go:132.16,135.3 2 0
team6-managing.mni.thm.de/Commz/auth-service/internal/http/handlers/auth_handler.go:138.2,149.28 4 0
team6-managing.mni.thm.de/Commz/auth-service/internal/http/handlers/auth_handler.go:149.28,151.3 1 0
team6-managing.mni.thm.de/Commz/auth-service/internal/http/handlers/auth_handler.go:153.2,162.41 2 0
team6-managing.mni.thm.de/Commz/auth-service/internal/http/handlers/auth_handler.go:176.75,178.16 2 0
team6-managing.mni.thm.de/Commz/auth-service/internal/http/handlers/auth_handler.go:178.16,181.3 2 0
team6-managing.mni.thm.de/Commz/auth-service/internal/http/handlers/auth_handler.go:184.2,186.16 3 0
team6-managing.mni.thm.de/Commz/auth-service/internal/http/handlers/auth_handler.go:186.16,189.3 2 0
team6-managing.mni.thm.de/Commz/auth-service/internal/http/handlers/auth_handler.go:192.2,193.16 2 0
team6-managing.mni.thm.de/Commz/auth-service/internal/http/handlers/auth_handler.go:193.16,197.3 3 0
team6-managing.mni.thm.de/Commz/auth-service/internal/http/handlers/auth_handler.go:199.2,201.28 3 0
team6-managing.mni.thm.de/Commz/auth-service/internal/http/handlers/auth_handler.go:201.28,203.3 1 0
team6-managing.mni.thm.de/Commz/auth-service/internal/http/handlers/auth_handler.go:206.2,206.41 1 0
team6-managing.mni.thm.de/Commz/auth-service/internal/http/handlers/auth_handler.go:220.73,222.16 2 0
team6-managing.mni.thm.de/Commz/auth-service/internal/http/handlers/auth_handler.go:222.16,225.3 2 0
team6-managing.mni.thm.de/Commz/auth-service/internal/http/handlers/auth_handler.go:228.2,230.16 3 0
team6-managing.mni.thm.de/Commz/auth-service/internal/http/handlers/auth_handler.go:230.16,233.3 2 0
team6-managing.mni.thm.de/Commz/auth-service/internal/http/handlers/auth_handler.go:236.2,238.28 2 0
team6-managing.mni.thm.de/Commz/auth-service/internal/http/handlers/auth_handler.go:238.28,240.3 1 0
team6-managing.mni.thm.de/Commz/auth-service/internal/http/handlers/auth_handler.go:243.2,253.41 2 0
team6-managing.mni.thm.de/Commz/auth-service/internal/http/handlers/auth_handler.go:267.76,269.16 2 0
team6-managing.mni.thm.de/Commz/auth-service/internal/http/handlers/auth_handler.go:269.16,272.3 2 0
team6-managing.mni.thm.de/Commz/auth-service/internal/http/handlers/auth_handler.go:275.2,277.16 3 0
team6-managing.mni.thm.de/Commz/auth-service/internal/http/handlers/auth_handler.go:277.16,280.3 2 0
team6-managing.mni.thm.de/Commz/auth-service/internal/http/handlers/auth_handler.go:282.2,292.28 3 0
team6-managing.mni.thm.de/Commz/auth-service/internal/http/handlers/auth_handler.go:292.28,294.3 1 0
team6-managing.mni.thm.de/Commz/auth-service/internal/http/handlers/auth_handler.go:296.2,297.28 2 0
team6-managing.mni.thm.de/Commz/auth-service/internal/http/handlers/auth_handler.go:297.28,299.3 1 0
team6-managing.mni.thm.de/Commz/auth-service/internal/http/handlers/auth_handler.go:301.2,310.41 2 0
team6-managing.mni.thm.de/Commz/auth-service/internal/http/handlers/auth_handler.go:320.72,322.28 2 0
team6-managing.mni.thm.de/Commz/auth-service/internal/http/handlers/auth_handler.go:322.28,324.3 1 0
team6-managing.mni.thm.de/Commz/auth-service/internal/http/handlers/auth_handler.go:325.2,325.34 1 0
team6-managing.mni.thm.de/Commz/auth-service/internal/http/handlers/auth_handler.go:336.71,338.23 2 0
team6-managing.mni.thm.de/Commz/auth-service/internal/http/handlers/auth_handler.go:338.23,342.3 3 0
team6-managing.mni.thm.de/Commz/auth-service/internal/http/handlers/auth_handler.go:344.2,348.16 3 0
team6-managing.mni.thm.de/Commz/auth-service/internal/http/handlers/auth_handler.go:348.16,351.3 2 0
team6-managing.mni.thm.de/Commz/auth-service/internal/http/handlers/auth_handler.go:354.2,357.16 3 0
team6-managing.mni.thm.de/Commz/auth-service/internal/http/handlers/auth_handler.go:357.16,360.3 2 0
team6-managing.mni.thm.de/Commz/auth-service/internal/http/handlers/auth_handler.go:362.2,362.33 1 0
team6-managing.mni.thm.de/Commz/auth-service/internal/http/handlers/auth_handler.go:365.75,368.8 2 0
team6-managing.mni.thm.de/Commz/auth-service/internal/http/handlers/auth_handler.go:368.8,373.3 3 0
team6-managing.mni.thm.de/Commz/auth-service/internal/http/handlers/auth_handler.go:375.2,375.16 1 0
team6-managing.mni.thm.de/Commz/auth-service/internal/http/handlers/auth_handler.go:375.16,378.3 2 0
team6-managing.mni.thm.de/Commz/auth-service/internal/http/handlers/auth_handler.go:379.2,379.14 1 0
team6-managing.mni.thm.de/Commz/auth-service/internal/http/handlers/auth_handler.go:382.76,385.2 2 0
team6-managing.mni.thm.de/Commz/auth-service/internal/http/handlers/handlers.go:23.52,29.2 1 0
team6-managing.mni.thm.de/Commz/auth-service/internal/http/handlers/handlers.go:32.48,35.2 2 0
team6-managing.mni.thm.de/Commz/auth-service/internal/http/handlers/handlers.go:37.55,38.37 1 0
team6-managing.mni.thm.de/Commz/auth-service/internal/http/handlers/handlers.go:38.37,40.3 1 0
team6-managing.mni.thm.de/Commz/auth-service/internal/storage/mongodb.go:22.71,24.16 2 0
team6-managing.mni.thm.de/Commz/auth-service/internal/storage/mongodb.go:24.16,26.3 1 0
team6-managing.mni.thm.de/Commz/auth-service/internal/storage/mongodb.go:27.2,34.16 3 0
team6-managing.mni.thm.de/Commz/auth-service/internal/storage/mongodb.go:34.16,36.3 1 0
team6-managing.mni.thm.de/Commz/auth-service/internal/storage/mongodb.go:38.2,40.8 1 0
team6-managing.mni.thm.de/Commz/auth-service/internal/storage/mongodb.go:43.68,48.2 4 0
team6-managing.mni.thm.de/Commz/auth-service/internal/storage/mongodb.go:50.69,53.37 3 0
team6-managing.mni.thm.de/Commz/auth-service/internal/storage/mongodb.go:53.37,55.3 1 0
team6-managing.mni.thm.de/Commz/auth-service/internal/storage/mongodb.go:57.2,59.16 3 0
team6-managing.mni.thm.de/Commz/auth-service/internal/storage/mongodb.go:59.16,61.3 1 0
team6-managing.mni.thm.de/Commz/auth-service/internal/storage/mongodb.go:63.2,63.18 1 0
team6-managing.mni.thm.de/Commz/auth-service/internal/storage/mongodb.go:66.75,69.2 2 0
team6-managing.mni.thm.de/Commz/auth-service/internal/storage/mongodb.go:71.59,76.16 3 0
team6-managing.mni.thm.de/Commz/auth-service/internal/storage/mongodb.go:76.16,78.3 1 0
team6-managing.mni.thm.de/Commz/auth-service/internal/storage/mongodb.go:80.2,82.16 3 0
team6-managing.mni.thm.de/Commz/auth-service/internal/storage/mongodb.go:82.16,84.3 1 0
team6-managing.mni.thm.de/Commz/auth-service/internal/storage/mongodb.go:86.2,86.19 1 0
team6-managing.mni.thm.de/Commz/auth-service/internal/storage/mongodb.go:89.72,92.2 2 0
team6-managing.mni.thm.de/Commz/auth-service/internal/storage/mongodb.go:94.52,99.2 4 0
team6-managing.mni.thm.de/Commz/auth-service/internal/http/router.go:22.42,33.47 7 0
team6-managing.mni.thm.de/Commz/auth-service/internal/http/router.go:33.47,34.72 1 0
team6-managing.mni.thm.de/Commz/auth-service/internal/http/router.go:34.72,37.4 2 0
team6-managing.mni.thm.de/Commz/auth-service/internal/http/router.go:40.2,43.3 1 0
team6-managing.mni.thm.de/Commz/auth-service/internal/utils/error.go:13.41,15.2 1 0
team6-managing.mni.thm.de/Commz/auth-service/internal/utils/error.go:17.41,20.2 2 0
team6-managing.mni.thm.de/Commz/auth-service/internal/utils/error.go:22.51,27.2 1 0
team6-managing.mni.thm.de/Commz/auth-service/internal/utils/logger.go:10.50,15.2 4 0
team6-managing.mni.thm.de/Commz/auth-service/internal/utils/utils.go:14.64,17.2 2 0
team6-managing.mni.thm.de/Commz/auth-service/internal/utils/utils.go:19.52,22.16 2 0
team6-managing.mni.thm.de/Commz/auth-service/internal/utils/utils.go:22.16,24.3 1 0
team6-managing.mni.thm.de/Commz/auth-service/internal/utils/utils.go:25.2,25.33 1 0
team6-managing.mni.thm.de/Commz/auth-service/internal/utils/utils.go:28.61,31.2 1 0
team6-managing.mni.thm.de/Commz/auth-service/internal/utils/utils.go:35.52,42.2 3 0
team6-managing.mni.thm.de/Commz/auth-service/internal/utils/utils.go:44.52,45.83 1 0
team6-managing.mni.thm.de/Commz/auth-service/internal/utils/utils.go:45.83,46.58 1 0
team6-managing.mni.thm.de/Commz/auth-service/internal/utils/utils.go:46.58,48.4 1 0
team6-managing.mni.thm.de/Commz/auth-service/internal/utils/utils.go:49.3,49.21 1 0
team6-managing.mni.thm.de/Commz/auth-service/internal/utils/utils.go:52.2,52.16 1 0
team6-managing.mni.thm.de/Commz/auth-service/internal/utils/utils.go:52.16,54.3 1 0
team6-managing.mni.thm.de/Commz/auth-service/internal/utils/utils.go:56.2,56.67 1 0
team6-managing.mni.thm.de/Commz/auth-service/internal/utils/utils.go:56.67,59.3 2 0
team6-managing.mni.thm.de/Commz/auth-service/internal/utils/utils.go:61.2,61.40 1 0
team6-managing.mni.thm.de/Commz/auth-service/internal/utils/utils.go:64.33,66.2 1 0
team6-managing.mni.thm.de/Commz/auth-service/internal/auth/service.go:19.45,23.2 1 6
team6-managing.mni.thm.de/Commz/auth-service/internal/auth/service.go:25.42,26.69 1 10
team6-managing.mni.thm.de/Commz/auth-service/internal/auth/service.go:26.69,28.3 1 1
team6-managing.mni.thm.de/Commz/auth-service/internal/auth/service.go:30.2,30.57 1 9
team6-managing.mni.thm.de/Commz/auth-service/internal/auth/service.go:30.57,32.3 1 0
team6-managing.mni.thm.de/Commz/auth-service/internal/auth/service.go:34.2,34.78 1 9
team6-managing.mni.thm.de/Commz/auth-service/internal/auth/service.go:34.78,36.3 1 1
team6-managing.mni.thm.de/Commz/auth-service/internal/auth/service.go:38.2,38.81 1 8
team6-managing.mni.thm.de/Commz/auth-service/internal/auth/service.go:38.81,40.3 1 0
team6-managing.mni.thm.de/Commz/auth-service/internal/auth/service.go:42.2,42.78 1 8
team6-managing.mni.thm.de/Commz/auth-service/internal/auth/service.go:42.78,44.3 1 0
team6-managing.mni.thm.de/Commz/auth-service/internal/auth/service.go:46.2,46.12 1 8
team6-managing.mni.thm.de/Commz/auth-service/internal/auth/service.go:49.92,56.16 3 4
team6-managing.mni.thm.de/Commz/auth-service/internal/auth/service.go:56.16,58.3 1 1
team6-managing.mni.thm.de/Commz/auth-service/internal/auth/service.go:60.2,60.54 1 3
team6-managing.mni.thm.de/Commz/auth-service/internal/auth/service.go:60.54,62.3 1 1
team6-managing.mni.thm.de/Commz/auth-service/internal/auth/service.go:65.2,66.16 2 2
team6-managing.mni.thm.de/Commz/auth-service/internal/auth/service.go:66.16,68.3 1 0
team6-managing.mni.thm.de/Commz/auth-service/internal/auth/service.go:70.2,71.25 2 2
team6-managing.mni.thm.de/Commz/auth-service/internal/auth/service.go:74.113,78.16 2 4
team6-managing.mni.thm.de/Commz/auth-service/internal/auth/service.go:78.16,80.3 1 1
team6-managing.mni.thm.de/Commz/auth-service/internal/auth/service.go:82.2,84.61 2 3
team6-managing.mni.thm.de/Commz/auth-service/internal/auth/service.go:84.61,86.3 1 2
team6-managing.mni.thm.de/Commz/auth-service/internal/auth/service.go:88.2,91.16 3 1
team6-managing.mni.thm.de/Commz/auth-service/internal/auth/service.go:91.16,93.3 1 0
team6-managing.mni.thm.de/Commz/auth-service/internal/auth/service.go:95.2,96.16 2 1
team6-managing.mni.thm.de/Commz/auth-service/internal/auth/service.go:96.16,98.3 1 0
team6-managing.mni.thm.de/Commz/auth-service/internal/auth/service.go:100.2,104.18 3 1
team6-managing.mni.thm.de/Commz/auth-service/internal/auth/service.go:107.89,111.69 2 3
team6-managing.mni.thm.de/Commz/auth-service/internal/auth/service.go:111.69,113.3 1 0
team6-managing.mni.thm.de/Commz/auth-service/internal/auth/service.go:115.2,115.57 1 3
team6-managing.mni.thm.de/Commz/auth-service/internal/auth/service.go:115.57,117.3 1 1
team6-managing.mni.thm.de/Commz/auth-service/internal/auth/service.go:119.2,119.81 1 2
team6-managing.mni.thm.de/Commz/auth-service/internal/auth/service.go:119.81,121.3 1 0
team6-managing.mni.thm.de/Commz/auth-service/internal/auth/service.go:123.2,123.78 1 2
team6-managing.mni.thm.de/Commz/auth-service/internal/auth/service.go:123.78,125.3 1 0
team6-managing.mni.thm.de/Commz/auth-service/internal/auth/service.go:128.2,129.16 2 2
team6-managing.mni.thm.de/Commz/auth-service/internal/auth/service.go:129.16,131.3 1 1
team6-managing.mni.thm.de/Commz/auth-service/internal/auth/service.go:133.2,137.16 4 1
team6-managing.mni.thm.de/Commz/auth-service/internal/auth/service.go:137.16,139.3 1 0
team6-managing.mni.thm.de/Commz/auth-service/internal/auth/service.go:141.2,142.18 2 1
team6-managing.mni.thm.de/Commz/auth-service/internal/auth/service.go:145.73,150.16 3 9
team6-managing.mni.thm.de/Commz/auth-service/internal/auth/service.go:150.16,152.3 1 2
team6-managing.mni.thm.de/Commz/auth-service/internal/auth/service.go:154.2,154.34 1 7
team6-managing.mni.thm.de/Commz/auth-service/internal/auth/service.go:154.34,156.3 1 0
team6-managing.mni.thm.de/Commz/auth-service/internal/auth/service.go:159.2,160.16 2 7
team6-managing.mni.thm.de/Commz/auth-service/internal/auth/service.go:160.16,162.3 1 0
team6-managing.mni.thm.de/Commz/auth-service/internal/auth/service.go:164.2,167.16 4 7
team6-managing.mni.thm.de/Commz/auth-service/internal/auth/service.go:167.16,169.3 1 0
team6-managing.mni.thm.de/Commz/auth-service/internal/auth/service.go:171.2,172.18 2 7
team6-managing.mni.thm.de/Commz/auth-service/internal/auth/service.go:175.69,177.2 1 2
team6-managing.mni.thm.de/Commz/auth-service/internal/auth/service.go:179.56,181.2 1 1
team6-managing.mni.thm.de/Commz/auth-service/internal/utils/error.go:13.41,15.2 1 0
team6-managing.mni.thm.de/Commz/auth-service/internal/utils/error.go:17.41,20.2 2 0
team6-managing.mni.thm.de/Commz/auth-service/internal/utils/error.go:22.51,27.2 1 9
team6-managing.mni.thm.de/Commz/auth-service/internal/utils/logger.go:10.50,15.2 4 1
team6-managing.mni.thm.de/Commz/auth-service/internal/utils/utils.go:14.64,17.2 2 0
team6-managing.mni.thm.de/Commz/auth-service/internal/utils/utils.go:19.52,22.16 2 8
team6-managing.mni.thm.de/Commz/auth-service/internal/utils/utils.go:22.16,24.3 1 0
team6-managing.mni.thm.de/Commz/auth-service/internal/utils/utils.go:25.2,25.33 1 8
team6-managing.mni.thm.de/Commz/auth-service/internal/utils/utils.go:28.61,31.2 1 6
team6-managing.mni.thm.de/Commz/auth-service/internal/utils/utils.go:35.52,42.2 3 2
team6-managing.mni.thm.de/Commz/auth-service/internal/utils/utils.go:44.52,45.83 1 0
team6-managing.mni.thm.de/Commz/auth-service/internal/utils/utils.go:45.83,46.58 1 0
team6-managing.mni.thm.de/Commz/auth-service/internal/utils/utils.go:46.58,48.4 1 0
team6-managing.mni.thm.de/Commz/auth-service/internal/utils/utils.go:49.3,49.21 1 0
team6-managing.mni.thm.de/Commz/auth-service/internal/utils/utils.go:52.2,52.16 1 0
team6-managing.mni.thm.de/Commz/auth-service/internal/utils/utils.go:52.16,54.3 1 0
team6-managing.mni.thm.de/Commz/auth-service/internal/utils/utils.go:56.2,56.67 1 0
team6-managing.mni.thm.de/Commz/auth-service/internal/utils/utils.go:56.67,59.3 2 0
team6-managing.mni.thm.de/Commz/auth-service/internal/utils/utils.go:61.2,61.40 1 0
team6-managing.mni.thm.de/Commz/auth-service/internal/utils/utils.go:64.33,66.2 1 2
